生成启动时间为 2017-11-08 7:52:50 PM。
     1>项目“E:\Code\QtOpenSource\界面\LTFFrame\ltframe-master\ltframe-master\JavaScript\JavaScript.vcxproj”在节点 7 上(build 个目标)。
     1>InitializeBuildStatus:
         正在创建“Debug\JavaScript.unsuccessfulbuild”，因为已指定“AlwaysCreate”。
       ClCompile:
         D:\Program Files (x86)\Microsoft Visual Studio 10.0\VC\bin\CL.exe /c /I../include/ /ZI /nologo /W3 /WX- /Od /Oy- /D WIN32 /D _DEBUG /D _WINDOWS /D _UNICODE /D UNICODE /Gm /EHsc /RTC1 /MDd /GS /fp:precise /Zc:wchar_t /Zc:forScope /Yc"StdAfx.h" /Fp"Debug\JavaScript.pch" /Fo"Debug\\" /Fd"Debug\vc100.pdb" /Gd /TP /analyze- /errorReport:prompt stdafx.cpp
         stdafx.cpp
         D:\Program Files (x86)\Microsoft Visual Studio 10.0\VC\bin\CL.exe /c /I../include/ /ZI /nologo /W3 /WX- /Od /Oy- /D WIN32 /D _DEBUG /D _WINDOWS /D _UNICODE /D UNICODE /Gm /EHsc /RTC1 /MDd /GS /fp:precise /Zc:wchar_t /Zc:forScope /Yu"StdAfx.h" /Fp"Debug\JavaScript.pch" /Fo"Debug\\" /Fd"Debug\vc100.pdb" /Gd /TP /analyze- /errorReport:prompt JavaScript.cpp UIClass.cpp
         UIClass.cpp
         JavaScript.cpp
         正在生成代码...
       ResourceCompile:
         C:\Program Files (x86)\Microsoft SDKs\Windows\v7.0A\bin\rc.exe /D _UNICODE /D UNICODE /l"0x0409" /nologo /fo"Debug\JavaScript.res" JavaScript.rc 
       ManifestResourceCompile:
         C:\Program Files (x86)\Microsoft SDKs\Windows\v7.0A\bin\rc.exe /nologo /fo"Debug\JavaScript.exe.embed.manifest.res" Debug\JavaScript_manifest.rc 
       Link:
         D:\Program Files (x86)\Microsoft Visual Studio 10.0\VC\bin\link.exe /ERRORREPORT:PROMPT /OUT:"E:\Code\QtOpenSource\界面\LTFFrame\ltframe-master\ltframe-master\Debug\JavaScript.exe" /INCREMENTAL /NOLOGO ../include/LTFrame.lib kernel32.lib user32.lib gdi32.lib winspool.lib comdlg32.lib advapi32.lib shell32.lib ole32.lib oleaut32.lib uuid.lib odbc32.lib odbccp32.lib /MANIFEST /ManifestFile:"Debug\JavaScript.exe.intermediate.manifest" /MANIFESTUAC:"level='asInvoker' uiAccess='false'" /DEBUG /PDB:"E:\Code\QtOpenSource\界面\LTFFrame\ltframe-master\ltframe-master\Debug\JavaScript.pdb" /SUBSYSTEM:WINDOWS /TLBID:1 /DYNAMICBASE /NXCOMPAT /IMPLIB:"E:\Code\QtOpenSource\界面\LTFFrame\ltframe-master\ltframe-master\Debug\JavaScript.lib" /MACHINE:X86 Debug\JavaScript.res
         Debug\JavaScript.exe.embed.manifest.res
         Debug\JavaScript.obj
         Debug\stdafx.obj
         Debug\UIClass.obj
       Manifest:
         C:\Program Files (x86)\Microsoft SDKs\Windows\v7.0A\bin\mt.exe /nologo /verbose /out:"Debug\JavaScript.exe.embed.manifest" /manifest Debug\JavaScript.exe.intermediate.manifest
         C:\Program Files (x86)\Microsoft SDKs\Windows\v7.0A\bin\rc.exe /nologo /fo"Debug\JavaScript.exe.embed.manifest.res" Debug\JavaScript_manifest.rc 
       LinkEmbedManifest:
         D:\Program Files (x86)\Microsoft Visual Studio 10.0\VC\bin\link.exe /ERRORREPORT:PROMPT /OUT:"E:\Code\QtOpenSource\界面\LTFFrame\ltframe-master\ltframe-master\Debug\JavaScript.exe" /INCREMENTAL /NOLOGO ../include/LTFrame.lib kernel32.lib user32.lib gdi32.lib winspool.lib comdlg32.lib advapi32.lib shell32.lib ole32.lib oleaut32.lib uuid.lib odbc32.lib odbccp32.lib /MANIFEST /ManifestFile:"Debug\JavaScript.exe.intermediate.manifest" /MANIFESTUAC:"level='asInvoker' uiAccess='false'" /DEBUG /PDB:"E:\Code\QtOpenSource\界面\LTFFrame\ltframe-master\ltframe-master\Debug\JavaScript.pdb" /SUBSYSTEM:WINDOWS /TLBID:1 /DYNAMICBASE /NXCOMPAT /IMPLIB:"E:\Code\QtOpenSource\界面\LTFFrame\ltframe-master\ltframe-master\Debug\JavaScript.lib" /MACHINE:X86 Debug\JavaScript.res
         Debug\JavaScript.exe.embed.manifest.res
         Debug\JavaScript.obj
         Debug\stdafx.obj
         Debug\UIClass.obj
         JavaScript.vcxproj -> E:\Code\QtOpenSource\界面\LTFFrame\ltframe-master\ltframe-master\Debug\JavaScript.exe
       FinalizeBuildStatus:
         正在删除文件“Debug\JavaScript.unsuccessfulbuild”。
         正在对“Debug\JavaScript.lastbuildstate”执行 Touch 任务。
     1>已完成生成项目“E:\Code\QtOpenSource\界面\LTFFrame\ltframe-master\ltframe-master\JavaScript\JavaScript.vcxproj”(build 个目标)的操作。

生成成功。

已用时间 00:00:23.92
