生成启动时间为 2017-11-29 1:35:34 PM。
     1>项目“E:\Code\QtOpenSource\界面\ButteryFly\ButteryFly\ButteryFly.vcxproj”在节点 2 上(build 个目标)。
     1>InitializeBuildStatus:
         正在创建“Debug\ButteryFly.unsuccessfulbuild”，因为已指定“AlwaysCreate”。
       CustomBuild:
         所有输出均为最新。
       ClCompile:
         D:\Program Files (x86)\Microsoft Visual Studio 10.0\VC\bin\CL.exe /c /I.\GeneratedFiles /I. /ID:\Qt\Qt5.1.1\5.1.1\msvc2010\include /I.\GeneratedFiles\Debug /ID:\Qt\Qt5.1.1\5.1.1\msvc2010\include\QtCore /ID:\Qt\Qt5.1.1\5.1.1\msvc2010\include\QtGui /ID:\Qt\Qt5.1.1\5.1.1\msvc2010\include\QtWidgets /Zi /nologo /W1 /WX- /Od /Oy- /D UNICODE /D WIN32 /D WIN64 /D QT_DLL /D QT_CORE_LIB /D QT_GUI_LIB /D QT_WIDGETS_LIB /Gm- /EHsc /MDd /GS /fp:precise /Zc:wchar_t- /Zc:forScope /Fo"Debug\\" /Fd"Debug\vc100.pdb" /Gd /TP /analyze- /errorReport:prompt butteryfly.cpp
         butteryfly.cpp
         所有输出均为最新。
       Link:
         D:\Program Files (x86)\Microsoft Visual Studio 10.0\VC\bin\link.exe /ERRORREPORT:PROMPT /OUT:"E:\Code\QtOpenSource\界面\ButteryFly\ButteryFly\Win32\Debug\\ButteryFly.exe" /NOLOGO /LIBPATH:D:\Qt\Qt5.1.1\5.1.1\msvc2010\lib qtmaind.lib Qt5Cored.lib Qt5Guid.lib Qt5Widgetsd.lib kernel32.lib user32.lib gdi32.lib winspool.lib comdlg32.lib advapi32.lib shell32.lib ole32.lib oleaut32.lib uuid.lib odbc32.lib odbccp32.lib /MANIFEST /ManifestFile:"Debug\ButteryFly.exe.intermediate.manifest" /MANIFESTUAC:"level='asInvoker' uiAccess='false'" /DEBUG /PDB:"E:\Code\QtOpenSource\界面\ButteryFly\ButteryFly\Win32\Debug\ButteryFly.pdb" /SUBSYSTEM:WINDOWS /TLBID:1 /DYNAMICBASE /NXCOMPAT /IMPLIB:"E:\Code\QtOpenSource\界面\ButteryFly\ButteryFly\Win32\Debug\ButteryFly.lib" /MACHINE:X86 Debug\butteryfly.obj
         Debug\moc_butteryfly.obj
         Debug\qrc_butteryfly.obj
         Debug\main.obj
         LINK : 没有找到 E:\Code\QtOpenSource\界面\ButteryFly\ButteryFly\Win32\Debug\\ButteryFly.exe 或上一个增量链接没有生成它；正在执行完全链接
         ButteryFly.vcxproj -> E:\Code\QtOpenSource\界面\ButteryFly\ButteryFly\Win32\Debug\ButteryFly.exe
       Manifest:
         C:\Program Files (x86)\Microsoft SDKs\Windows\v7.0A\bin\mt.exe /nologo /verbose /outputresource:"E:\Code\QtOpenSource\界面\ButteryFly\ButteryFly\Win32\Debug\\ButteryFly.exe;#1" /manifest Debug\ButteryFly.exe.intermediate.manifest
       FinalizeBuildStatus:
         正在删除文件“Debug\ButteryFly.unsuccessfulbuild”。
         正在对“Debug\ButteryFly.lastbuildstate”执行 Touch 任务。
     1>已完成生成项目“E:\Code\QtOpenSource\界面\ButteryFly\ButteryFly\ButteryFly.vcxproj”(build 个目标)的操作。

生成成功。

已用时间 00:00:05.04
