生成启动时间为 2017-11-09 9:20:05 AM。
     1>项目“E:\Code\QtOpenSource\界面\LTFFrame\ltframe-master\ltframe-master\LTFrameExmaple\LTFrameExmaple.vcxproj”在节点 5 上(build 个目标)。
     1>InitializeBuildStatus:
         正在创建“Release\LTFrameExmaple.unsuccessfulbuild”，因为已指定“AlwaysCreate”。
       ClCompile:
         D:\Program Files (x86)\Microsoft Visual Studio 10.0\VC\bin\CL.exe /c /I../include/ /Zi /nologo /W3 /WX- /O2 /Oi /Oy- /GL /D WIN32 /D NDEBUG /D _WINDOWS /D _UNICODE /D UNICODE /Gm- /EHsc /MT /GS /Gy /fp:precise /Zc:wchar_t /Zc:forScope /Yc"StdAfx.h" /Fp"Release\LTFrameExmaple.pch" /Fo"Release\\" /Fd"Release\vc100.pdb" /Gd /TP /analyze- /errorReport:prompt stdafx.cpp
         stdafx.cpp
         D:\Program Files (x86)\Microsoft Visual Studio 10.0\VC\bin\CL.exe /c /I../include/ /Zi /nologo /W3 /WX- /O2 /Oi /Oy- /GL /D WIN32 /D NDEBUG /D _WINDOWS /D _UNICODE /D UNICODE /Gm- /EHsc /MT /GS /Gy /fp:precise /Zc:wchar_t /Zc:forScope /Yu"StdAfx.h" /Fp"Release\LTFrameExmaple.pch" /Fo"Release\\" /Fd"Release\vc100.pdb" /Gd /TP /analyze- /errorReport:prompt LTFrameExmaple.cpp SubWindow.cpp UIClass.cpp
         LTFrameExmaple.cpp
         SubWindow.cpp
     1>SubWindow.cpp(74): warning C4060: switch 语句没有包含“case”或“default”标签
         UIClass.cpp
     1>UIClass.cpp(151): warning C4060: switch 语句没有包含“case”或“default”标签
       ResourceCompile:
         C:\Program Files (x86)\Microsoft SDKs\Windows\v7.0A\bin\rc.exe /D _UNICODE /D UNICODE /l"0x0409" /nologo /fo"Release\LTFrameExmaple.res" LTFrameExmaple.rc 
       Link:
         D:\Program Files (x86)\Microsoft Visual Studio 10.0\VC\bin\link.exe /ERRORREPORT:PROMPT /OUT:"E:\Code\QtOpenSource\界面\LTFFrame\ltframe-master\ltframe-master\Release\LTFrameExmaple.exe" /INCREMENTAL:NO /NOLOGO ../include/LTFrame.lib kernel32.lib user32.lib gdi32.lib winspool.lib comdlg32.lib advapi32.lib shell32.lib ole32.lib oleaut32.lib uuid.lib odbc32.lib odbccp32.lib /MANIFEST /ManifestFile:"Release\LTFrameExmaple.exe.intermediate.manifest" /MANIFESTUAC:"level='asInvoker' uiAccess='false'" /DEBUG /PDB:"E:\Code\QtOpenSource\界面\LTFFrame\ltframe-master\ltframe-master\Release\LTFrameExmaple.pdb" /SUBSYSTEM:WINDOWS /OPT:REF /OPT:ICF /LTCG /TLBID:1 /DYNAMICBASE /NXCOMPAT /IMPLIB:"E:\Code\QtOpenSource\界面\LTFFrame\ltframe-master\ltframe-master\Release\LTFrameExmaple.lib" /MACHINE:X86 Release\LTFrameExmaple.res
         Release\LTFrameExmaple.obj
         Release\stdafx.obj
         Release\SubWindow.obj
         Release\UIClass.obj
         正在生成代码
         已完成代码的生成
         LTFrameExmaple.vcxproj -> E:\Code\QtOpenSource\界面\LTFFrame\ltframe-master\ltframe-master\Release\LTFrameExmaple.exe
       Manifest:
         C:\Program Files (x86)\Microsoft SDKs\Windows\v7.0A\bin\mt.exe /nologo /verbose /outputresource:"E:\Code\QtOpenSource\界面\LTFFrame\ltframe-master\ltframe-master\Release\LTFrameExmaple.exe;#1" /manifest Release\LTFrameExmaple.exe.intermediate.manifest
       FinalizeBuildStatus:
         正在删除文件“Release\LTFrameExmaple.unsuccessfulbuild”。
         正在对“Release\LTFrameExmaple.lastbuildstate”执行 Touch 任务。
     1>已完成生成项目“E:\Code\QtOpenSource\界面\LTFFrame\ltframe-master\ltframe-master\LTFrameExmaple\LTFrameExmaple.vcxproj”(build 个目标)的操作。

生成成功。

已用时间 00:00:06.14
