E:\Code\QtOpenSource\界面\LTFFrame\ltframe-master\ltframe-master\CrossDomain\Debug\cl.command.1.tlog
E:\Code\QtOpenSource\界面\LTFFrame\ltframe-master\ltframe-master\CrossDomain\Debug\CL.read.1.tlog
E:\Code\QtOpenSource\界面\LTFFrame\ltframe-master\ltframe-master\CrossDomain\Debug\CL.write.1.tlog
E:\Code\QtOpenSource\界面\LTFFrame\ltframe-master\ltframe-master\CrossDomain\Debug\CrossDomain.exe.embed.manifest
E:\CODE\QTOPENSOURCE\界面\LTFFRAME\LTFRAME-MASTER\LTFRAME-MASTER\CROSSDOMAIN\DEBUG\CROSSDOMAIN.EXE.EMBED.MANIFEST.RES
E:\Code\QtOpenSource\界面\LTFFrame\ltframe-master\ltframe-master\CrossDomain\Debug\CrossDomain.exe.intermediate.manifest
E:\CODE\QTOPENSOURCE\界面\LTFFRAME\LTFRAME-MASTER\LTFRAME-MASTER\CROSSDOMAIN\DEBUG\CROSSDOMAIN.OBJ
E:\CODE\QTOPENSOURCE\界面\LTFFRAME\LTFRAME-MASTER\LTFRAME-MASTER\CROSSDOMAIN\DEBUG\CROSSDOMAIN.PCH
E:\CODE\QTOPENSOURCE\界面\LTFFRAME\LTFRAME-MASTER\LTFRAME-MASTER\CROSSDOMAIN\DEBUG\CROSSDOMAIN.RES
E:\Code\QtOpenSource\界面\LTFFrame\ltframe-master\ltframe-master\CrossDomain\Debug\CrossDomain.vcxprojResolveAssemblyReference.cache
E:\Code\QtOpenSource\界面\LTFFrame\ltframe-master\ltframe-master\CrossDomain\Debug\CrossDomain.write.1.tlog
E:\Code\QtOpenSource\界面\LTFFrame\ltframe-master\ltframe-master\CrossDomain\Debug\CrossDomain_manifest.rc
E:\Code\QtOpenSource\界面\LTFFrame\ltframe-master\ltframe-master\CrossDomain\Debug\link.command.1.tlog
E:\Code\QtOpenSource\界面\LTFFrame\ltframe-master\ltframe-master\CrossDomain\Debug\link.read.1.tlog
E:\Code\QtOpenSource\界面\LTFFrame\ltframe-master\ltframe-master\CrossDomain\Debug\link.write.1.tlog
E:\Code\QtOpenSource\界面\LTFFrame\ltframe-master\ltframe-master\CrossDomain\Debug\link-cvtres.read.1.tlog
E:\Code\QtOpenSource\界面\LTFFrame\ltframe-master\ltframe-master\CrossDomain\Debug\link-cvtres.write.1.tlog
E:\Code\QtOpenSource\界面\LTFFrame\ltframe-master\ltframe-master\CrossDomain\Debug\rc.command.1.tlog
E:\Code\QtOpenSource\界面\LTFFrame\ltframe-master\ltframe-master\CrossDomain\Debug\rc.read.1.tlog
E:\Code\QtOpenSource\界面\LTFFrame\ltframe-master\ltframe-master\CrossDomain\Debug\rc.write.1.tlog
E:\CODE\QTOPENSOURCE\界面\LTFFRAME\LTFRAME-MASTER\LTFRAME-MASTER\CROSSDOMAIN\DEBUG\STDAFX.OBJ
E:\CODE\QTOPENSOURCE\界面\LTFFRAME\LTFRAME-MASTER\LTFRAME-MASTER\CROSSDOMAIN\DEBUG\UICLASS.OBJ
E:\Code\QtOpenSource\界面\LTFFrame\ltframe-master\ltframe-master\CrossDomain\Debug\vc100.idb
E:\CODE\QTOPENSOURCE\界面\LTFFRAME\LTFRAME-MASTER\LTFRAME-MASTER\CROSSDOMAIN\DEBUG\VC100.PDB
E:\Code\QtOpenSource\界面\LTFFrame\ltframe-master\ltframe-master\Debug\CrossDomain.pdb
